java.io.FileNotFoundException: winkeymap.xml (系统找不到指定的文件。)
	at java.io.FileInputStream.open(Native Method)
	at java.io.FileInputStream.<init>(FileInputStream.java:106)
	at java.io.FileInputStream.<init>(FileInputStream.java:66)
	at com.royalstone.pos.keymap.WinKeyMap.<init>(WinKeyMap.java:46)
	at com.royalstone.pos.keymap.AllKeyEventListener$TheListener.<init>(AllKeyEventListener.java:54)
	at com.royalstone.pos.keymap.AllKeyEventListener.<init>(AllKeyEventListener.java:35)
	at com.royalstone.pos.shell.pos.main(pos.java:166)
load pos.xml, price.xml, operator.lst ... 
Invoke OperatorCommand! 
2014-05-19 22:50:01 [0] OK
Invoke FavorCommand! 
java.io.InvalidClassException: com.royalstone.pos.util.Day; local class incompatible: stream classdesc serialVersionUID = -1217107188424197749, local class serialVersionUID = -4128913517386768910
	at java.io.ObjectStreamClass.initNonProxy(ObjectStreamClass.java:463)
	at java.io.ObjectInputStream.readNonProxyDesc(ObjectInputStream.java:1521)
	at java.io.ObjectInputStream.readClassDesc(ObjectInputStream.java:1435)
	at java.io.ObjectInputStream.readOrdinaryObject(ObjectInputStream.java:1626)
	at java.io.ObjectInputStream.readObject0(ObjectInputStream.java:1274)
	at java.io.ObjectInputStream.defaultReadFields(ObjectInputStream.java:1845)
	at java.io.ObjectInputStream.readSerialData(ObjectInputStream.java:1769)
	at java.io.ObjectInputStream.readOrdinaryObject(ObjectInputStream.java:1646)
	at java.io.ObjectInputStream.readObject0(ObjectInputStream.java:1274)
	at java.io.ObjectInputStream.readArray(ObjectInputStream.java:1603)
	at java.io.ObjectInputStream.readObject0(ObjectInputStream.java:1271)
	at java.io.ObjectInputStream.defaultReadFields(ObjectInputStream.java:1845)
	at java.io.ObjectInputStream.readSerialData(ObjectInputStream.java:1769)
	at java.io.ObjectInputStream.readOrdinaryObject(ObjectInputStream.java:1646)
	at java.io.ObjectInputStream.readObject0(ObjectInputStream.java:1274)
	at java.io.ObjectInputStream.defaultReadFields(ObjectInputStream.java:1845)
	at java.io.ObjectInputStream.readSerialData(ObjectInputStream.java:1769)
	at java.io.ObjectInputStream.readOrdinaryObject(ObjectInputStream.java:1646)
	at java.io.ObjectInputStream.readObject0(ObjectInputStream.java:1274)
	at java.io.ObjectInputStream.defaultReadFields(ObjectInputStream.java:1845)
	at java.io.ObjectInputStream.readSerialData(ObjectInputStream.java:1769)
	at java.io.ObjectInputStream.readOrdinaryObject(ObjectInputStream.java:1646)
	at java.io.ObjectInputStream.readObject0(ObjectInputStream.java:1274)
	at java.io.ObjectInputStream.readArray(ObjectInputStream.java:1603)
	at java.io.ObjectInputStream.readObject0(ObjectInputStream.java:1271)
	at java.io.ObjectInputStream.defaultReadFields(ObjectInputStream.java:1845)
	at java.io.ObjectInputStream.readSerialData(ObjectInputStream.java:1769)
	at java.io.ObjectInputStream.readOrdinaryObject(ObjectInputStream.java:1646)
	at java.io.ObjectInputStream.readObject0(ObjectInputStream.java:1274)
	at java.io.ObjectInputStream.readObject(ObjectInputStream.java:324)
	at com.royalstone.pos.invoke.HttpInvoker.invoke(HttpInvoker.java:52)
	at com.royalstone.pos.loader.FavorLoader.download(FavorLoader.java:58)
	at com.royalstone.pos.loader.PosSynchronizer.synchronize(PosSynchronizer.java:56)
	at com.royalstone.pos.shell.PosShell.synchronizeData(pos.java:479)
	at com.royalstone.pos.shell.pos.main(pos.java:171)
java.io.InvalidClassException: com.royalstone.pos.util.Day; local class incompatible: stream classdesc serialVersionUID = -1217107188424197749, local class serialVersionUID = -4128913517386768910
	at java.io.ObjectStreamClass.initNonProxy(ObjectStreamClass.java:463)
	at java.io.ObjectInputStream.readNonProxyDesc(ObjectInputStream.java:1521)
	at java.io.ObjectInputStream.readClassDesc(ObjectInputStream.java:1435)
	at java.io.ObjectInputStream.readOrdinaryObject(ObjectInputStream.java:1626)
	at java.io.ObjectInputStream.readObject0(ObjectInputStream.java:1274)
	at java.io.ObjectInputStream.defaultReadFields(ObjectInputStream.java:1845)
	at java.io.ObjectInputStream.readSerialData(ObjectInputStream.java:1769)
	at java.io.ObjectInputStream.readOrdinaryObject(ObjectInputStream.java:1646)
	at java.io.ObjectInputStream.readObject0(ObjectInputStream.java:1274)
	at java.io.ObjectInputStream.readArray(ObjectInputStream.java:1603)
	at java.io.ObjectInputStream.readObject0(ObjectInputStream.java:1271)
	at java.io.ObjectInputStream.defaultReadFields(ObjectInputStream.java:1845)
	at java.io.ObjectInputStream.readSerialData(ObjectInputStream.java:1769)
	at java.io.ObjectInputStream.readOrdinaryObject(ObjectInputStream.java:1646)
	at java.io.ObjectInputStream.readObject0(ObjectInputStream.java:1274)
	at java.io.ObjectInputStream.defaultReadFields(ObjectInputStream.java:1845)
	at java.io.ObjectInputStream.readSerialData(ObjectInputStream.java:1769)
	at java.io.ObjectInputStream.readOrdinaryObject(ObjectInputStream.java:1646)
	at java.io.ObjectInputStream.readObject0(ObjectInputStream.java:1274)
	at java.io.ObjectInputStream.defaultReadFields(ObjectInputStream.java:1845)
	at java.io.ObjectInputStream.readSerialData(ObjectInputStream.java:1769)
	at java.io.ObjectInputStream.readOrdinaryObject(ObjectInputStream.java:1646)
	at java.io.ObjectInputStream.readObject0(ObjectInputStream.java:1274)
	at java.io.ObjectInputStream.readArray(ObjectInputStream.java:1603)
	at java.io.ObjectInputStream.readObject0(ObjectInputStream.java:1271)
	at java.io.ObjectInputStream.defaultReadFields(ObjectInputStream.java:1845)
	at java.io.ObjectInputStream.readSerialData(ObjectInputStream.java:1769)
	at java.io.ObjectInputStream.readOrdinaryObject(ObjectInputStream.java:1646)
	at java.io.ObjectInputStream.readObject0(ObjectInputStream.java:1274)
	at java.io.ObjectInputStream.readObject(ObjectInputStream.java:324)
	at com.royalstone.pos.invoke.HttpInvoker.invoke(HttpInvoker.java:52)
	at com.royalstone.pos.loader.FavorLoader.download(FavorLoader.java:58)
	at com.royalstone.pos.loader.PosSynchronizer.synchronize(PosSynchronizer.java:56)
	at com.royalstone.pos.shell.PosShell.synchronizeData(pos.java:479)
	at com.royalstone.pos.shell.pos.main(pos.java:171)
Del ... pos.BAK.xml
Ren ... pos.xml pos.BAK.xml
Ren ... pos.NEW.xml pos.xml
Invoke DiscountCommand! 
2014-05-19 22:50:03 [0] OK
org.jdom.JDOMException: Error on line 0: File "http://192.168.1.103:9090/pos41/PropertyTable" not found.
	at org.jdom.input.SAXBuilder.build(SAXBuilder.java:367)
	at org.jdom.input.SAXBuilder.build(SAXBuilder.java:707)
	at com.royalstone.pos.loader.XLoader.loadXMLDoc(XLoader.java:125)
	at com.royalstone.pos.loader.XLoader.loadProdProperty(XLoader.java:73)
	at com.royalstone.pos.loader.PosSynchronizer.synchronize(PosSynchronizer.java:93)
	at com.royalstone.pos.shell.PosShell.synchronizeData(pos.java:479)
	at com.royalstone.pos.shell.pos.main(pos.java:171)
Caused by: org.xml.sax.SAXParseException: File "http://192.168.1.103:9090/pos41/PropertyTable" not found.
	at org.apache.xerces.framework.XMLParser.reportError(XMLParser.java)
	at org.apache.xerces.readers.DefaultEntityHandler.startReadingFromDocument(DefaultEntityHandler.java)
	at org.apache.xerces.framework.XMLParser.parseSomeSetup(XMLParser.java)
	at org.apache.xerces.framework.XMLParser.parse(XMLParser.java)
	at org.jdom.input.SAXBuilder.build(SAXBuilder.java:354)
	... 6 more
Caused by: org.xml.sax.SAXParseException: File "http://192.168.1.103:9090/pos41/PropertyTable" not found.
	at org.apache.xerces.framework.XMLParser.reportError(XMLParser.java)
	at org.apache.xerces.readers.DefaultEntityHandler.startReadingFromDocument(DefaultEntityHandler.java)
	at org.apache.xerces.framework.XMLParser.parseSomeSetup(XMLParser.java)
	at org.apache.xerces.framework.XMLParser.parse(XMLParser.java)
	at org.jdom.input.SAXBuilder.build(SAXBuilder.java:354)
	at org.jdom.input.SAXBuilder.build(SAXBuilder.java:707)
	at com.royalstone.pos.loader.XLoader.loadXMLDoc(XLoader.java:125)
	at com.royalstone.pos.loader.XLoader.loadProdProperty(XLoader.java:73)
	at com.royalstone.pos.loader.PosSynchronizer.synchronize(PosSynchronizer.java:93)
	at com.royalstone.pos.shell.PosShell.synchronizeData(pos.java:479)
	at com.royalstone.pos.shell.pos.main(pos.java:171)
Caused by: org.xml.sax.SAXParseException: File "http://192.168.1.103:9090/pos41/PropertyTable" not found.
	at org.apache.xerces.framework.XMLParser.reportError(XMLParser.java)
	at org.apache.xerces.readers.DefaultEntityHandler.startReadingFromDocument(DefaultEntityHandler.java)
	at org.apache.xerces.framework.XMLParser.parseSomeSetup(XMLParser.java)
	at org.apache.xerces.framework.XMLParser.parse(XMLParser.java)
	at org.jdom.input.SAXBuilder.build(SAXBuilder.java:354)
	at org.jdom.input.SAXBuilder.build(SAXBuilder.java:707)
	at com.royalstone.pos.loader.XLoader.loadXMLDoc(XLoader.java:125)
	at com.royalstone.pos.loader.XLoader.loadProdProperty(XLoader.java:73)
	at com.royalstone.pos.loader.PosSynchronizer.synchronize(PosSynchronizer.java:93)
	at com.royalstone.pos.shell.PosShell.synchronizeData(pos.java:479)
	at com.royalstone.pos.shell.pos.main(pos.java:171)
org.jdom.JDOMException: Error on line 0: File "http://192.168.1.103:9090/pos41/PropertyTable" not found.
	at org.jdom.input.SAXBuilder.build(SAXBuilder.java:367)
	at org.jdom.input.SAXBuilder.build(SAXBuilder.java:707)
	at com.royalstone.pos.loader.XLoader.loadXMLDoc(XLoader.java:125)
	at com.royalstone.pos.loader.XLoader.loadProdProperty(XLoader.java:73)
	at com.royalstone.pos.loader.PosSynchronizer.synchronize(PosSynchronizer.java:93)
	at com.royalstone.pos.shell.PosShell.synchronizeData(pos.java:479)
	at com.royalstone.pos.shell.pos.main(pos.java:171)
Caused by: org.xml.sax.SAXParseException: File "http://192.168.1.103:9090/pos41/PropertyTable" not found.
	at org.apache.xerces.framework.XMLParser.reportError(XMLParser.java)
	at org.apache.xerces.readers.DefaultEntityHandler.startReadingFromDocument(DefaultEntityHandler.java)
	at org.apache.xerces.framework.XMLParser.parseSomeSetup(XMLParser.java)
	at org.apache.xerces.framework.XMLParser.parse(XMLParser.java)
	at org.jdom.input.SAXBuilder.build(SAXBuilder.java:354)
	... 6 more
Caused by: org.xml.sax.SAXParseException: File "http://192.168.1.103:9090/pos41/PropertyTable" not found.
	at org.apache.xerces.framework.XMLParser.reportError(XMLParser.java)
	at org.apache.xerces.readers.DefaultEntityHandler.startReadingFromDocument(DefaultEntityHandler.java)
	at org.apache.xerces.framework.XMLParser.parseSomeSetup(XMLParser.java)
	at org.apache.xerces.framework.XMLParser.parse(XMLParser.java)
	at org.jdom.input.SAXBuilder.build(SAXBuilder.java:354)
	at org.jdom.input.SAXBuilder.build(SAXBuilder.java:707)
	at com.royalstone.pos.loader.XLoader.loadXMLDoc(XLoader.java:125)
	at com.royalstone.pos.loader.XLoader.loadProdProperty(XLoader.java:73)
	at com.royalstone.pos.loader.PosSynchronizer.synchronize(PosSynchronizer.java:93)
	at com.royalstone.pos.shell.PosShell.synchronizeData(pos.java:479)
	at com.royalstone.pos.shell.pos.main(pos.java:171)
Caused by: org.xml.sax.SAXParseException: File "http://192.168.1.103:9090/pos41/PropertyTable" not found.
	at org.apache.xerces.framework.XMLParser.reportError(XMLParser.java)
	at org.apache.xerces.readers.DefaultEntityHandler.startReadingFromDocument(DefaultEntityHandler.java)
	at org.apache.xerces.framework.XMLParser.parseSomeSetup(XMLParser.java)
	at org.apache.xerces.framework.XMLParser.parse(XMLParser.java)
	at org.jdom.input.SAXBuilder.build(SAXBuilder.java:354)
	at org.jdom.input.SAXBuilder.build(SAXBuilder.java:707)
	at com.royalstone.pos.loader.XLoader.loadXMLDoc(XLoader.java:125)
	at com.royalstone.pos.loader.XLoader.loadProdProperty(XLoader.java:73)
	at com.royalstone.pos.loader.PosSynchronizer.synchronize(PosSynchronizer.java:93)
	at com.royalstone.pos.shell.PosShell.synchronizeData(pos.java:479)
	at com.royalstone.pos.shell.pos.main(pos.java:171)
WARNING: Downloading new data failed, go on working with dated data.
