java.io.FileNotFoundException: winkeymap.xml (系统找不到指定的文件。)
	at java.io.FileInputStream.open(Native Method)
	at java.io.FileInputStream.<init>(FileInputStream.java:106)
	at java.io.FileInputStream.<init>(FileInputStream.java:66)
	at com.royalstone.pos.keymap.WinKeyMap.<init>(WinKeyMap.java:46)
	at com.royalstone.pos.keymap.AllKeyEventListener$TheListener.<init>(AllKeyEventListener.java:54)
	at com.royalstone.pos.keymap.AllKeyEventListener.<init>(AllKeyEventListener.java:35)
	at com.royalstone.pos.shell.pos.main(pos.java:166)
load pos.xml, price.xml, operator.lst ... 
Invoke OperatorCommand! 
2014-05-19 12:22:39 [0] OK
Invoke FavorCommand! 
Del ... pos.BAK.xml
Ren ... pos.xml pos.BAK.xml
Ren ... pos.NEW.xml pos.xml
Invoke DiscountCommand! 
2014-05-19 12:22:41 [0] OK
org.jdom.JDOMException: Error on line 0: File "http://172.16.120.2:9090/pos41/PropertyTable" not found.
	at org.jdom.input.SAXBuilder.build(SAXBuilder.java:367)
	at org.jdom.input.SAXBuilder.build(SAXBuilder.java:707)
	at com.royalstone.pos.loader.XLoader.loadXMLDoc(XLoader.java:125)
	at com.royalstone.pos.loader.XLoader.loadProdProperty(XLoader.java:73)
	at com.royalstone.pos.loader.PosSynchronizer.synchronize(PosSynchronizer.java:93)
	at com.royalstone.pos.shell.PosShell.synchronizeData(pos.java:479)
	at com.royalstone.pos.shell.pos.main(pos.java:171)
Caused by: org.xml.sax.SAXParseException: File "http://172.16.120.2:9090/pos41/PropertyTable" not found.
	at org.apache.xerces.framework.XMLParser.reportError(XMLParser.java)
	at org.apache.xerces.readers.DefaultEntityHandler.startReadingFromDocument(DefaultEntityHandler.java)
	at org.apache.xerces.framework.XMLParser.parseSomeSetup(XMLParser.java)
	at org.apache.xerces.framework.XMLParser.parse(XMLParser.java)
	at org.jdom.input.SAXBuilder.build(SAXBuilder.java:354)
	... 6 more
Caused by: org.xml.sax.SAXParseException: File "http://172.16.120.2:9090/pos41/PropertyTable" not found.
	at org.apache.xerces.framework.XMLParser.reportError(XMLParser.java)
	at org.apache.xerces.readers.DefaultEntityHandler.startReadingFromDocument(DefaultEntityHandler.java)
	at org.apache.xerces.framework.XMLParser.parseSomeSetup(XMLParser.java)
	at org.apache.xerces.framework.XMLParser.parse(XMLParser.java)
	at org.jdom.input.SAXBuilder.build(SAXBuilder.java:354)
	at org.jdom.input.SAXBuilder.build(SAXBuilder.java:707)
	at com.royalstone.pos.loader.XLoader.loadXMLDoc(XLoader.java:125)
	at com.royalstone.pos.loader.XLoader.loadProdProperty(XLoader.java:73)
	at com.royalstone.pos.loader.PosSynchronizer.synchronize(PosSynchronizer.java:93)
	at com.royalstone.pos.shell.PosShell.synchronizeData(pos.java:479)
	at com.royalstone.pos.shell.pos.main(pos.java:171)
Caused by: org.xml.sax.SAXParseException: File "http://172.16.120.2:9090/pos41/PropertyTable" not found.
	at org.apache.xerces.framework.XMLParser.reportError(XMLParser.java)
	at org.apache.xerces.readers.DefaultEntityHandler.startReadingFromDocument(DefaultEntityHandler.java)
	at org.apache.xerces.framework.XMLParser.parseSomeSetup(XMLParser.java)
	at org.apache.xerces.framework.XMLParser.parse(XMLParser.java)
	at org.jdom.input.SAXBuilder.build(SAXBuilder.java:354)
	at org.jdom.input.SAXBuilder.build(SAXBuilder.java:707)
	at com.royalstone.pos.loader.XLoader.loadXMLDoc(XLoader.java:125)
	at com.royalstone.pos.loader.XLoader.loadProdProperty(XLoader.java:73)
	at com.royalstone.pos.loader.PosSynchronizer.synchronize(PosSynchronizer.java:93)
	at com.royalstone.pos.shell.PosShell.synchronizeData(pos.java:479)
	at com.royalstone.pos.shell.pos.main(pos.java:171)
org.jdom.JDOMException: Error on line 0: File "http://172.16.120.2:9090/pos41/PropertyTable" not found.
	at org.jdom.input.SAXBuilder.build(SAXBuilder.java:367)
	at org.jdom.input.SAXBuilder.build(SAXBuilder.java:707)
	at com.royalstone.pos.loader.XLoader.loadXMLDoc(XLoader.java:125)
	at com.royalstone.pos.loader.XLoader.loadProdProperty(XLoader.java:73)
	at com.royalstone.pos.loader.PosSynchronizer.synchronize(PosSynchronizer.java:93)
	at com.royalstone.pos.shell.PosShell.synchronizeData(pos.java:479)
	at com.royalstone.pos.shell.pos.main(pos.java:171)
Caused by: org.xml.sax.SAXParseException: File "http://172.16.120.2:9090/pos41/PropertyTable" not found.
	at org.apache.xerces.framework.XMLParser.reportError(XMLParser.java)
	at org.apache.xerces.readers.DefaultEntityHandler.startReadingFromDocument(DefaultEntityHandler.java)
	at org.apache.xerces.framework.XMLParser.parseSomeSetup(XMLParser.java)
	at org.apache.xerces.framework.XMLParser.parse(XMLParser.java)
	at org.jdom.input.SAXBuilder.build(SAXBuilder.java:354)
	... 6 more
Caused by: org.xml.sax.SAXParseException: File "http://172.16.120.2:9090/pos41/PropertyTable" not found.
	at org.apache.xerces.framework.XMLParser.reportError(XMLParser.java)
	at org.apache.xerces.readers.DefaultEntityHandler.startReadingFromDocument(DefaultEntityHandler.java)
	at org.apache.xerces.framework.XMLParser.parseSomeSetup(XMLParser.java)
	at org.apache.xerces.framework.XMLParser.parse(XMLParser.java)
	at org.jdom.input.SAXBuilder.build(SAXBuilder.java:354)
	at org.jdom.input.SAXBuilder.build(SAXBuilder.java:707)
	at com.royalstone.pos.loader.XLoader.loadXMLDoc(XLoader.java:125)
	at com.royalstone.pos.loader.XLoader.loadProdProperty(XLoader.java:73)
	at com.royalstone.pos.loader.PosSynchronizer.synchronize(PosSynchronizer.java:93)
	at com.royalstone.pos.shell.PosShell.synchronizeData(pos.java:479)
	at com.royalstone.pos.shell.pos.main(pos.java:171)
Caused by: org.xml.sax.SAXParseException: File "http://172.16.120.2:9090/pos41/PropertyTable" not found.
	at org.apache.xerces.framework.XMLParser.reportError(XMLParser.java)
	at org.apache.xerces.readers.DefaultEntityHandler.startReadingFromDocument(DefaultEntityHandler.java)
	at org.apache.xerces.framework.XMLParser.parseSomeSetup(XMLParser.java)
	at org.apache.xerces.framework.XMLParser.parse(XMLParser.java)
	at org.jdom.input.SAXBuilder.build(SAXBuilder.java:354)
	at org.jdom.input.SAXBuilder.build(SAXBuilder.java:707)
	at com.royalstone.pos.loader.XLoader.loadXMLDoc(XLoader.java:125)
	at com.royalstone.pos.loader.XLoader.loadProdProperty(XLoader.java:73)
	at com.royalstone.pos.loader.PosSynchronizer.synchronize(PosSynchronizer.java:93)
	at com.royalstone.pos.shell.PosShell.synchronizeData(pos.java:479)
	at com.royalstone.pos.shell.pos.main(pos.java:171)
WARNING: Downloading new data failed, go on working with dated data.
