java.io.FileNotFoundException: winkeymap.xml (系统找不到指定的文件。)
	at java.io.FileInputStream.open(Native Method)
	at java.io.FileInputStream.<init>(FileInputStream.java:106)
	at java.io.FileInputStream.<init>(FileInputStream.java:66)
	at com.royalstone.pos.keymap.WinKeyMap.<init>(WinKeyMap.java:46)
	at com.royalstone.pos.keymap.AllKeyEventListener$TheListener.<init>(AllKeyEventListener.java:54)
	at com.royalstone.pos.keymap.AllKeyEventListener.<init>(AllKeyEventListener.java:35)
	at com.royalstone.pos.shell.pos.main(pos.java:166)
load pos.xml, price.xml, operator.lst ... 
Invoke OperatorCommand! 
2014-05-19 12:43:37 [0] OK
Invoke FavorCommand! 
Del ... pos.BAK.xml
Ren ... pos.xml pos.BAK.xml
Ren ... pos.NEW.xml pos.xml
Invoke DiscountCommand! 
2014-05-19 12:43:37 [0] OK
org.jdom.JDOMException: Error on line 1 of document http://172.16.120.2:9090/pos41/PriceTableComb: The root element is required in a well-formed document.
	at org.jdom.input.SAXBuilder.build(SAXBuilder.java:363)
	at org.jdom.input.SAXBuilder.build(SAXBuilder.java:707)
	at com.royalstone.pos.loader.XLoader.loadXMLDoc(XLoader.java:125)
	at com.royalstone.pos.loader.XLoader.loadPriceComb(XLoader.java:61)
	at com.royalstone.pos.loader.PosSynchronizer.synchronize(PosSynchronizer.java:92)
	at com.royalstone.pos.shell.PosShell.synchronizeData(pos.java:479)
	at com.royalstone.pos.shell.pos.main(pos.java:171)
Caused by: org.xml.sax.SAXParseException: The root element is required in a well-formed document.
	at org.apache.xerces.framework.XMLParser.reportError(XMLParser.java)
	at org.apache.xerces.framework.XMLDocumentScanner.reportFatalXMLError(XMLDocumentScanner.java)
	at org.apache.xerces.framework.XMLDocumentScanner$XMLDeclDispatcher.endOfInput(XMLDocumentScanner.java)
	at org.apache.xerces.framework.XMLDocumentScanner.endOfInput(XMLDocumentScanner.java)
	at org.apache.xerces.validators.common.XMLValidator.sendEndOfInputNotifications(XMLValidator.java)
	at org.apache.xerces.readers.DefaultEntityHandler.changeReaders(DefaultEntityHandler.java)
	at org.apache.xerces.readers.XMLEntityReader.changeReaders(XMLEntityReader.java)
	at org.apache.xerces.readers.UTF8Reader.changeReaders(UTF8Reader.java)
	at org.apache.xerces.readers.UTF8Reader.lookingAtChar(UTF8Reader.java)
	at org.apache.xerces.framework.XMLDocumentScanner$XMLDeclDispatcher.dispatch(XMLDocumentScanner.java)
	at org.apache.xerces.framework.XMLDocumentScanner.parseSome(XMLDocumentScanner.java)
	at org.apache.xerces.framework.XMLParser.parse(XMLParser.java)
	at org.jdom.input.SAXBuilder.build(SAXBuilder.java:354)
	... 6 more
Caused by: org.xml.sax.SAXParseException: The root element is required in a well-formed document.
	at org.apache.xerces.framework.XMLParser.reportError(XMLParser.java)
	at org.apache.xerces.framework.XMLDocumentScanner.reportFatalXMLError(XMLDocumentScanner.java)
	at org.apache.xerces.framework.XMLDocumentScanner$XMLDeclDispatcher.endOfInput(XMLDocumentScanner.java)
	at org.apache.xerces.framework.XMLDocumentScanner.endOfInput(XMLDocumentScanner.java)
	at org.apache.xerces.validators.common.XMLValidator.sendEndOfInputNotifications(XMLValidator.java)
	at org.apache.xerces.readers.DefaultEntityHandler.changeReaders(DefaultEntityHandler.java)
	at org.apache.xerces.readers.XMLEntityReader.changeReaders(XMLEntityReader.java)
	at org.apache.xerces.readers.UTF8Reader.changeReaders(UTF8Reader.java)
	at org.apache.xerces.readers.UTF8Reader.lookingAtChar(UTF8Reader.java)
	at org.apache.xerces.framework.XMLDocumentScanner$XMLDeclDispatcher.dispatch(XMLDocumentScanner.java)
	at org.apache.xerces.framework.XMLDocumentScanner.parseSome(XMLDocumentScanner.java)
	at org.apache.xerces.framework.XMLParser.parse(XMLParser.java)
	at org.jdom.input.SAXBuilder.build(SAXBuilder.java:354)
	at org.jdom.input.SAXBuilder.build(SAXBuilder.java:707)
	at com.royalstone.pos.loader.XLoader.loadXMLDoc(XLoader.java:125)
	at com.royalstone.pos.loader.XLoader.loadPriceComb(XLoader.java:61)
	at com.royalstone.pos.loader.PosSynchronizer.synchronize(PosSynchronizer.java:92)
	at com.royalstone.pos.shell.PosShell.synchronizeData(pos.java:479)
	at com.royalstone.pos.shell.pos.main(pos.java:171)
Caused by: org.xml.sax.SAXParseException: The root element is required in a well-formed document.
	at org.apache.xerces.framework.XMLParser.reportError(XMLParser.java)
	at org.apache.xerces.framework.XMLDocumentScanner.reportFatalXMLError(XMLDocumentScanner.java)
	at org.apache.xerces.framework.XMLDocumentScanner$XMLDeclDispatcher.endOfInput(XMLDocumentScanner.java)
	at org.apache.xerces.framework.XMLDocumentScanner.endOfInput(XMLDocumentScanner.java)
	at org.apache.xerces.validators.common.XMLValidator.sendEndOfInputNotifications(XMLValidator.java)
	at org.apache.xerces.readers.DefaultEntityHandler.changeReaders(DefaultEntityHandler.java)
	at org.apache.xerces.readers.XMLEntityReader.changeReaders(XMLEntityReader.java)
	at org.apache.xerces.readers.UTF8Reader.changeReaders(UTF8Reader.java)
	at org.apache.xerces.readers.UTF8Reader.lookingAtChar(UTF8Reader.java)
	at org.apache.xerces.framework.XMLDocumentScanner$XMLDeclDispatcher.dispatch(XMLDocumentScanner.java)
	at org.apache.xerces.framework.XMLDocumentScanner.parseSome(XMLDocumentScanner.java)
	at org.apache.xerces.framework.XMLParser.parse(XMLParser.java)
	at org.jdom.input.SAXBuilder.build(SAXBuilder.java:354)
	at org.jdom.input.SAXBuilder.build(SAXBuilder.java:707)
	at com.royalstone.pos.loader.XLoader.loadXMLDoc(XLoader.java:125)
	at com.royalstone.pos.loader.XLoader.loadPriceComb(XLoader.java:61)
	at com.royalstone.pos.loader.PosSynchronizer.synchronize(PosSynchronizer.java:92)
	at com.royalstone.pos.shell.PosShell.synchronizeData(pos.java:479)
	at com.royalstone.pos.shell.pos.main(pos.java:171)
org.jdom.JDOMException: Error on line 1 of document http://172.16.120.2:9090/pos41/PriceTableComb: The root element is required in a well-formed document.
	at org.jdom.input.SAXBuilder.build(SAXBuilder.java:363)
	at org.jdom.input.SAXBuilder.build(SAXBuilder.java:707)
	at com.royalstone.pos.loader.XLoader.loadXMLDoc(XLoader.java:125)
	at com.royalstone.pos.loader.XLoader.loadPriceComb(XLoader.java:61)
	at com.royalstone.pos.loader.PosSynchronizer.synchronize(PosSynchronizer.java:92)
	at com.royalstone.pos.shell.PosShell.synchronizeData(pos.java:479)
	at com.royalstone.pos.shell.pos.main(pos.java:171)
Caused by: org.xml.sax.SAXParseException: The root element is required in a well-formed document.
	at org.apache.xerces.framework.XMLParser.reportError(XMLParser.java)
	at org.apache.xerces.framework.XMLDocumentScanner.reportFatalXMLError(XMLDocumentScanner.java)
	at org.apache.xerces.framework.XMLDocumentScanner$XMLDeclDispatcher.endOfInput(XMLDocumentScanner.java)
	at org.apache.xerces.framework.XMLDocumentScanner.endOfInput(XMLDocumentScanner.java)
	at org.apache.xerces.validators.common.XMLValidator.sendEndOfInputNotifications(XMLValidator.java)
	at org.apache.xerces.readers.DefaultEntityHandler.changeReaders(DefaultEntityHandler.java)
	at org.apache.xerces.readers.XMLEntityReader.changeReaders(XMLEntityReader.java)
	at org.apache.xerces.readers.UTF8Reader.changeReaders(UTF8Reader.java)
	at org.apache.xerces.readers.UTF8Reader.lookingAtChar(UTF8Reader.java)
	at org.apache.xerces.framework.XMLDocumentScanner$XMLDeclDispatcher.dispatch(XMLDocumentScanner.java)
	at org.apache.xerces.framework.XMLDocumentScanner.parseSome(XMLDocumentScanner.java)
	at org.apache.xerces.framework.XMLParser.parse(XMLParser.java)
	at org.jdom.input.SAXBuilder.build(SAXBuilder.java:354)
	... 6 more
Caused by: org.xml.sax.SAXParseException: The root element is required in a well-formed document.
	at org.apache.xerces.framework.XMLParser.reportError(XMLParser.java)
	at org.apache.xerces.framework.XMLDocumentScanner.reportFatalXMLError(XMLDocumentScanner.java)
	at org.apache.xerces.framework.XMLDocumentScanner$XMLDeclDispatcher.endOfInput(XMLDocumentScanner.java)
	at org.apache.xerces.framework.XMLDocumentScanner.endOfInput(XMLDocumentScanner.java)
	at org.apache.xerces.validators.common.XMLValidator.sendEndOfInputNotifications(XMLValidator.java)
	at org.apache.xerces.readers.DefaultEntityHandler.changeReaders(DefaultEntityHandler.java)
	at org.apache.xerces.readers.XMLEntityReader.changeReaders(XMLEntityReader.java)
	at org.apache.xerces.readers.UTF8Reader.changeReaders(UTF8Reader.java)
	at org.apache.xerces.readers.UTF8Reader.lookingAtChar(UTF8Reader.java)
	at org.apache.xerces.framework.XMLDocumentScanner$XMLDeclDispatcher.dispatch(XMLDocumentScanner.java)
	at org.apache.xerces.framework.XMLDocumentScanner.parseSome(XMLDocumentScanner.java)
	at org.apache.xerces.framework.XMLParser.parse(XMLParser.java)
	at org.jdom.input.SAXBuilder.build(SAXBuilder.java:354)
	at org.jdom.input.SAXBuilder.build(SAXBuilder.java:707)
	at com.royalstone.pos.loader.XLoader.loadXMLDoc(XLoader.java:125)
	at com.royalstone.pos.loader.XLoader.loadPriceComb(XLoader.java:61)
	at com.royalstone.pos.loader.PosSynchronizer.synchronize(PosSynchronizer.java:92)
	at com.royalstone.pos.shell.PosShell.synchronizeData(pos.java:479)
	at com.royalstone.pos.shell.pos.main(pos.java:171)
Caused by: org.xml.sax.SAXParseException: The root element is required in a well-formed document.
	at org.apache.xerces.framework.XMLParser.reportError(XMLParser.java)
	at org.apache.xerces.framework.XMLDocumentScanner.reportFatalXMLError(XMLDocumentScanner.java)
	at org.apache.xerces.framework.XMLDocumentScanner$XMLDeclDispatcher.endOfInput(XMLDocumentScanner.java)
	at org.apache.xerces.framework.XMLDocumentScanner.endOfInput(XMLDocumentScanner.java)
	at org.apache.xerces.validators.common.XMLValidator.sendEndOfInputNotifications(XMLValidator.java)
	at org.apache.xerces.readers.DefaultEntityHandler.changeReaders(DefaultEntityHandler.java)
	at org.apache.xerces.readers.XMLEntityReader.changeReaders(XMLEntityReader.java)
	at org.apache.xerces.readers.UTF8Reader.changeReaders(UTF8Reader.java)
	at org.apache.xerces.readers.UTF8Reader.lookingAtChar(UTF8Reader.java)
	at org.apache.xerces.framework.XMLDocumentScanner$XMLDeclDispatcher.dispatch(XMLDocumentScanner.java)
	at org.apache.xerces.framework.XMLDocumentScanner.parseSome(XMLDocumentScanner.java)
	at org.apache.xerces.framework.XMLParser.parse(XMLParser.java)
	at org.jdom.input.SAXBuilder.build(SAXBuilder.java:354)
	at org.jdom.input.SAXBuilder.build(SAXBuilder.java:707)
	at com.royalstone.pos.loader.XLoader.loadXMLDoc(XLoader.java:125)
	at com.royalstone.pos.loader.XLoader.loadPriceComb(XLoader.java:61)
	at com.royalstone.pos.loader.PosSynchronizer.synchronize(PosSynchronizer.java:92)
	at com.royalstone.pos.shell.PosShell.synchronizeData(pos.java:479)
	at com.royalstone.pos.shell.pos.main(pos.java:171)
WARNING: Downloading new data failed, go on working with dated data.
