java.io.FileNotFoundException: winkeymap.xml (系统找不到指定的文件。)
	at java.io.FileInputStream.open(Native Method)
	at java.io.FileInputStream.<init>(FileInputStream.java:106)
	at java.io.FileInputStream.<init>(FileInputStream.java:66)
	at com.royalstone.pos.keymap.WinKeyMap.<init>(WinKeyMap.java:46)
	at com.royalstone.pos.keymap.AllKeyEventListener$TheListener.<init>(AllKeyEventListener.java:54)
	at com.royalstone.pos.keymap.AllKeyEventListener.<init>(AllKeyEventListener.java:35)
	at com.royalstone.pos.shell.pos.main(pos.java:166)
load pos.xml, price.xml, operator.lst ... 
Invoke OperatorCommand! 
2014-05-20 00:05:37 [0] OK
Invoke FavorCommand! 
Del ... pos.BAK.xml
Ren ... pos.xml pos.BAK.xml
Ren ... pos.NEW.xml pos.xml
Invoke DiscountCommand! 
2014-05-20 00:05:38 [0] OK
Del ... promo/pricecut.BAK.xml
Ren ... promo/pricecut.xml promo/pricecut.BAK.xml
Ren ... promo/pricecut.NEW.xml promo/pricecut.xml
Del ... promo/pricecomb.BAK.xml
Ren ... promo/pricecomb.xml promo/pricecomb.BAK.xml
Ren ... promo/pricecomb.NEW.xml promo/pricecomb.xml
Del ... promo/accurate.BAK.xml
Ren ... promo/accurate.xml promo/accurate.BAK.xml
Ren ... promo/accurate.NEW.xml promo/accurate.xml
Del ... operator.BAK.lst
Ren ... operator.lst operator.BAK.lst
Ren ... operator.NEW.lst operator.lst
Del ... price.BAK.xml
Ren ... price.xml price.BAK.xml
Ren ... price.NEW.xml price.xml
Del ... promo/discount.BAK.lst
Ren ... promo/discount.lst promo/discount.BAK.lst
Ren ... promo/discount.NEW.lst promo/discount.lst
Del ... promo/favor.BAK.lst
Ren ... promo/favor.lst promo/favor.BAK.lst
Ren ... promo/favor.NEW.lst promo/favor.lst
Del ... promo/priceExt.BAK.xml
Ren ... promo/priceExt.xml promo/priceExt.BAK.xml
Ren ... promo/priceExt.NEW.xml promo/priceExt.xml
Del ... promo/cardtype.BAK.xml
Ren ... promo/cardtype.xml promo/cardtype.BAK.xml
Ren ... promo/cardtype.NEW.xml promo/cardtype.xml
Del ... property.BAK.xml
Ren ... property.xml property.BAK.xml
Ren ... property.NEW.xml property.xml
javapos init...

java.io.InvalidClassException: com.royalstone.pos.util.Day; local class incompatible: stream classdesc serialVersionUID = -4128913517386768910, local class serialVersionUID = -1217107188424197749
	at java.io.ObjectStreamClass.initNonProxy(ObjectStreamClass.java:463)
	at java.io.ObjectInputStream.readNonProxyDesc(ObjectInputStream.java:1521)
	at java.io.ObjectInputStream.readClassDesc(ObjectInputStream.java:1435)
	at java.io.ObjectInputStream.readOrdinaryObject(ObjectInputStream.java:1626)
	at java.io.ObjectInputStream.readObject0(ObjectInputStream.java:1274)
	at java.io.ObjectInputStream.defaultReadFields(ObjectInputStream.java:1845)
	at java.io.ObjectInputStream.readSerialData(ObjectInputStream.java:1769)
	at java.io.ObjectInputStream.readOrdinaryObject(ObjectInputStream.java:1646)
	at java.io.ObjectInputStream.readObject0(ObjectInputStream.java:1274)
	at java.io.ObjectInputStream.readObject(ObjectInputStream.java:324)
	at com.royalstone.pos.common.PosContext.load(PosContext.java:531)
	at com.royalstone.pos.shell.PosShell.initContext(pos.java:508)
	at com.royalstone.pos.shell.PosShell.init(pos.java:304)
	at com.royalstone.pos.shell.pos.main(pos.java:173)
文件work\context.dat损坏,已备份为work\context.dat.20140519160532.
Max Held sheet: 4
node name: goodscomblist
node name: goodscutlist
Init Exchange List ...
Set Currency rate for RMB
Init Price List ...
node name: goodslist
Init PriceExt List ...
Init Discount List ...
Load Discount_list ... 
Discount_list Loaded.
Init Favor List ...
DiscComplexList load start ... 
DiscComplexList load over. 
WARNING: java.io.InvalidClassException: com.royalstone.pos.util.Day; local class incompatible: stream classdesc serialVersionUID = -4128913517386768910, local class serialVersionUID = -1217107188424197749
文件work\sheet#0损坏,已备份为work\sheet#0.20140519160538.
javapos run...
2001vvvvvv00c
21vvvvvvddddc
22xxxxxwwwwwc
23xxxxxmmmmmc
26aaaaaa0000c
29sssssss000c
java.lang.NullPointerException
	at com.royalstone.pos.common.PosContext.updateWorkDay(PosContext.java:746)
	at com.royalstone.pos.shell.PosShell.logon_online(pos.java:715)
	at com.royalstone.pos.shell.PosShell.run(pos.java:528)
	at com.royalstone.pos.shell.pos.main(pos.java:177)
java.io.FileNotFoundException: ErrorLog.properties (系统找不到指定的文件。)
	at java.io.FileInputStream.open(Native Method)
	at java.io.FileInputStream.<init>(FileInputStream.java:106)
	at java.io.FileInputStream.<init>(FileInputStream.java:66)
	at com.royalstone.pos.shell.pos.generateErrLog(pos.java:251)
	at com.royalstone.pos.shell.pos.main(pos.java:181)
